
> react-example@0.0.0 dev
> vite --port=3000 --host=0.0.0.0


  [32m[1mVITE[22m v6.4.2[39m  [2mready in [0m[1m374[22m[2m[0m ms[22m

  [32m➜[39m  [1mLocal[22m:   [36mhttp://localhost:[1m3000[22m/[39m
  [32m➜[39m  [1mNetwork[22m: [36mhttp://192.168.21.14:[1m3000[22m/[39m
[2m[32m  ➜[39m[22m[2m  press [22m[1mh + enter[22m[2m to show help[22m
[2m00:25:04[22m [36m[1m[vite][22m[39m [90m[2m(client)[22m[39m [32mpage reload [39m[2mbackend/algorithm.py[22m
[2m00:30:47[22m [36m[1m[vite][22m[39m [90m[2m(client)[22m[39m [32mpage reload [39m[2mbackend/algorithm.py[22m
[2m00:34:18[22m [36m[1m[vite][22m[39m [90m[2m(client)[22m[39m [32mpage reload [39m[2mbackend/cover_core/src/greedy.h[22m
[2m00:34:31[22m [36m[1m[vite][22m[39m [90m[2m(client)[22m[39m [32mpage reload [39m[2mbackend/cover_core/src/bindings.cpp[22m
[2m00:34:41[22m [36m[1m[vite][22m[39m [90m[2m(client)[22m[39m [32mpage reload [39m[2mbackend/cover_core/src/bindings.cpp[22m
[2m00:39:11[22m [36m[1m[vite][22m[39m [90m[2m(client)[22m[39m [32mpage reload [39m[2mbackend/cover_core/src/bindings.cpp[22m
[2m00:39:24[22m [36m[1m[vite][22m[39m [90m[2m(client)[22m[39m [32mpage reload [39m[2mbackend/algorithm.py[22m
[2m00:40:27[22m [36m[1m[vite][22m[39m [90m[2m(client)[22m[39m [32mpage reload [39m[2mbackend/algorithm.py[22m
[2m00:53:39[22m [36m[1m[vite][22m[39m [90m[2m(client)[22m[39m [32mpage reload [39m[2mbackend/algorithm.py[22m
[2m01:06:56[22m [36m[1m[vite][22m[39m [90m[2m(client)[22m[39m [32mpage reload [39m[2mbackend/algorithm.py[22m
[2m01:07:13[22m [36m[1m[vite][22m[39m [90m[2m(client)[22m[39m [32mhmr update [39m[2m/UI/App.tsx, /UI/index.css[22m
[2m02:09:30[22m [36m[1m[vite][22m[39m [90m[2m(client)[22m[39m [32mhmr update [39m[2m/UI/App.tsx, /UI/index.css[22m
[2m10:10:18[22m [36m[1m[vite][22m[39m [90m[2m(client)[22m[39m [32mpage reload [39m[2mbackend/cover_core/src/greedy.h[22m
[2m10:10:30[22m [36m[1m[vite][22m[39m [90m[2m(client)[22m[39m [32mpage reload [39m[2mbackend/cover_core/src/bindings.cpp[22m
[2m10:10:44[22m [36m[1m[vite][22m[39m [90m[2m(client)[22m[39m [32mpage reload [39m[2mbackend/algorithm.py[22m
[2m10:23:02[22m [36m[1m[vite][22m[39m [90m[2m(client)[22m[39m [32mpage reload [39m[2mbackend/cover_core/src/greedy.h[22m
[2m10:27:48[22m [36m[1m[vite][22m[39m [90m[2m(client)[22m[39m [32mpage reload [39m[2mbackend/cover_core/src/greedy.h[22m
[2m10:31:00[22m [36m[1m[vite][22m[39m [90m[2m(client)[22m[39m [32mpage reload [39m[2mbackend/cover_core/src/greedy.h[22m
[2m10:34:10[22m [36m[1m[vite][22m[39m [90m[2m(client)[22m[39m [32mpage reload [39m[2mbackend/cover_core/src/greedy.h[22m
[2m10:34:31[22m [36m[1m[vite][22m[39m [90m[2m(client)[22m[39m [32mpage reload [39m[2mbackend/cover_core/src/greedy.h[22m
[2m10:36:58[22m [36m[1m[vite][22m[39m [90m[2m(client)[22m[39m [32mpage reload [39m[2mbackend/cover_core/src/greedy.h[22m
[2m10:37:15[22m [36m[1m[vite][22m[39m [90m[2m(client)[22m[39m [32mpage reload [39m[2mbackend/cover_core/src/greedy.h[22m
[2m10:37:24[22m [36m[1m[vite][22m[39m [90m[2m(client)[22m[39m [32mpage reload [39m[2mbackend/cover_core/src/greedy.h[22m
[2m10:37:34[22m [36m[1m[vite][22m[39m [90m[2m(client)[22m[39m [32mpage reload [39m[2mbackend/cover_core/__init__.py[22m
[2m10:39:53[22m [36m[1m[vite][22m[39m [90m[2m(client)[22m[39m [32mpage reload [39m[2mbackend/cover_core/src/greedy.h[22m
[2m10:40:07[22m [36m[1m[vite][22m[39m [90m[2m(client)[22m[39m [32mpage reload [39m[2mbackend/cover_core/src/greedy.h[22m
[2m10:40:26[22m [36m[1m[vite][22m[39m [90m[2m(client)[22m[39m [32mpage reload [39m[2mbackend/cover_core/src/greedy.h[22m
[2m10:44:52[22m [36m[1m[vite][22m[39m [90m[2m(client)[22m[39m [32mpage reload [39m[2mbackend/cover_core/src/greedy.h[22m
[2m10:47:03[22m [36m[1m[vite][22m[39m [90m[2m(client)[22m[39m [32mpage reload [39m[2mbackend/cover_core/src/greedy.h[22m
